Information: Propagating switching activity (low effort zero delay simulation). (PWR-6)
Warning: There is no defined clock in the design. (PWR-80)
Warning: Design has unannotated primary inputs. (PWR-414)
Warning: Design has unannotated sequential cell outputs. (PWR-415)
 
****************************************
Report : power
        -analysis_effort low
Design : AntiLog2
Version: L-2016.03-SP5-5
Date   : Thu Jun 28 20:56:05 2018
****************************************


Library(s) Used:

    C28SOI_SC_12_CORE_LL (File: /usr/local/cmos28fdsoi_24/C28SOI_SC_12_CORE_LL@2.2@20131004.0/libs/C28SOI_SC_12_CORE_LL_ss28_0.80V_0.00V_0.00V_0.00V_125C.db)


Operating Conditions: ss28_0.80V_0.00V_0.00V_0.00V_125C   Library: C28SOI_SC_12_CORE_LL
Wire Load Model Mode: enclosed

Design        Wire Load Model            Library
------------------------------------------------
AntiLog2               wl_zero           C28SOI_SC_12_CORE_LL


Global Operating Voltage = 0.8  
Power-specific unit information :
    Voltage Units = 1V
    Capacitance Units = 1.000000pf
    Time Units = 1ns
    Dynamic Power Units = 1mW    (derived from V,C,T units)
    Leakage Power Units = 1mW


  Cell Internal Power  =  25.6162 uW   (62%)
  Net Switching Power  =  15.4777 uW   (38%)
                         ---------
Total Dynamic Power    =  41.0938 uW  (100%)

Cell Leakage Power     =  36.0746 uW

Information: report_power power group summary does not include estimated clock tree power. (PWR-789)

                 Internal         Switching           Leakage            Total
Power Group      Power            Power               Power              Power   (   %    )  Attrs
--------------------------------------------------------------------------------------------------
io_pad             0.0000            0.0000            0.0000            0.0000  (   0.00%)
memory             0.0000            0.0000            0.0000            0.0000  (   0.00%)
black_box          0.0000            0.0000            0.0000            0.0000  (   0.00%)
clock_network      0.0000            0.0000            0.0000            0.0000  (   0.00%)
register           0.0000            0.0000            0.0000            0.0000  (   0.00%)
sequential     1.1970e-02        6.0144e-04        1.0070e-02        2.2641e-02  (  29.34%)
combinational  1.3646e-02        1.4876e-02        2.6005e-02        5.4527e-02  (  70.66%)
--------------------------------------------------------------------------------------------------
Total          2.5616e-02 mW     1.5478e-02 mW     3.6075e-02 mW     7.7168e-02 mW
1
